{
  "RSpec": {
    "coverage": {
      "/home/benign-panel-2843/tic-tac-toe-rb-online-web-sp-000/lib/tic_tac_toe.rb": [
        null,
        1,
        null,
        null,
        null,
        null,
        null,
        null,
        null,
        null,
        null,
        1,
        5,
        5,
        5,
        5,
        5,
        null,
        null,
        1,
        13,
        null,
        null,
        1,
        3,
        null,
        null,
        1,
        15,
        12,
        3,
        3,
        null,
        null,
        null,
        1,
        13,
        10,
        null,
        3,
        null,
        null,
        null,
        1,
        10,
        10,
        10,
        10,
        9,
        9,
        0,
        null,
        1,
        null,
        null,
        null,
        1,
        11,
        11,
        99,
        5,
        null,
        null,
        11,
        null,
        null,
        1,
        10,
        10,
        10,
        null,
        0,
        null,
        null,
        null,
        1,
        34,
        204,
        204,
        204,
        null,
        204,
        204,
        204,
        null,
        204,
        11,
        193,
        4,
        null,
        null,
        19,
        null,
        null,
        null,
        1,
        99,
        null,
        null,
        1,
        13,
        7,
        null,
        6,
        null,
        null,
        null,
        1,
        11,
        7,
        4,
        0,
        null,
        4,
        null,
        null,
        null,
        1,
        6,
        6,
        6,
        null,
        null,
        5,
        3,
        null,
        2,
        null,
        null,
        null,
        null,
        1,
        12,
        7,
        null,
        null,
        5,
        3,
        2,
        2,
        null,
        null
      ]
    },
    "timestamp": 1576532143
  }
}
